1 1 1
999999 999999 259
928979 802487 525
983161 731513 525
715927 522720 509
865496 692045 525
904284 340574 525
156608 723570 509
700381 921769 525
655105 782134 504
318622 57734 443
85346 587549 470
861090 320448 525
305274 370275 441
967082 706479 525
630537 608032 509
555358 329400 470
88223 948407 525
662532 207958 509
336391 39580 443
567282 919124 525
562258 624463 447
756680 756654 225
151534 75374 375
151126 452342 449
837897 213503 525
391001 130150 443
807663 345172 509
490457 811467 509
226655 517529 470
437745 169054 449
921435 246057 525
65633 809436 509
429740 279066 449
444354 668905 509
471016 563976 470
546750 558284 421
902795 13681 525
635843 530311 509
589032 222238 470
623676 948138 525
905975 206909 525
156751 210405 373
909544 352372 525
559196 678296 509
388811 787658 509
534608 441464 470
112961 656629 509
527851 979946 525
247591 454918 449
547504 85699 470
359787 607170 470
378925 170362 443
436528 346460 449
991000 702712 525
760916 238919 509
278931 240063 407
177585 398325 443
798924 338459 509
560464 832687 509
752439 893648 525
71112 307325 443
840673 281198 525
991860 626136 525
606140 554669 434
330926 770784 509
796051 831241 468
809447 450457 509
79595 640046 509
441641 963021 525
770774 2688 509
598911 827498 509
383359 490477 449
20979 511695 449
859117 41313 525
751880 90133 509
342902 384163 441
717050 749069 424
457111 119966 449
726277 538222 509
447091 745770 509
171364 763087 509
288841 246397 407
738472 613822 509
30627 804457 509
538470 368282 470
665982 559880 509
27574 405767 443
974689 110227 525
283106 688420 509
820227 861652 525
258075 399537 441
873981 13927 525
987325 406589 525
953079 495053 525
579107 562618 421
876682 321692 525
822984 764011 468
5380 442277 449
814263 226306 509
